\BOOKMARK [0][-]{chapter.1}{\376\377\0001\000\040\000N\000e\000u\000r\000a\000l\000\040\000n\000e\000t\000w\000o\000r\000k\000\040\000e\000x\000e\000r\000c\000i\000s\000e\000s}{}% 1
\BOOKMARK [0][-]{chapter.2}{\376\377\0002\000\040\000C\000l\000a\000s\000s\000\040\000I\000n\000d\000e\000x}{}% 2
\BOOKMARK [1][-]{section.2.1}{\376\377\0002\000.\0001\000\040\000C\000l\000a\000s\000s\000\040\000L\000i\000s\000t}{chapter.2}% 3
\BOOKMARK [0][-]{chapter.3}{\376\377\0003\000\040\000C\000l\000a\000s\000s\000\040\000D\000o\000c\000u\000m\000e\000n\000t\000a\000t\000i\000o\000n}{}% 4
\BOOKMARK [1][-]{section.3.1}{\376\377\0003\000.\0001\000\040\000d\000n\000n\000\040\000C\000l\000a\000s\000s\000\040\000R\000e\000f\000e\000r\000e\000n\000c\000e}{chapter.3}% 5
\BOOKMARK [2][-]{subsection.3.1.1}{\376\377\0003\000.\0001\000.\0001\000\040\000C\000o\000n\000s\000t\000r\000u\000c\000t\000o\000r\000\040\000\046\000\040\000D\000e\000s\000t\000r\000u\000c\000t\000o\000r\000\040\000D\000o\000c\000u\000m\000e\000n\000t\000a\000t\000i\000o\000n}{section.3.1}% 6
\BOOKMARK [3][-]{subsubsection.3.1.1.1}{\376\377\0003\000.\0001\000.\0001\000.\0001\000\040\000d\000n\000n\000\050\000\051\000\040\000[\0001\000/\0003\000]}{subsection.3.1.1}% 7
\BOOKMARK [3][-]{subsubsection.3.1.1.2}{\376\377\0003\000.\0001\000.\0001\000.\0002\000\040\000d\000n\000n\000\050\000\051\000\040\000[\0002\000/\0003\000]}{subsection.3.1.1}% 8
\BOOKMARK [3][-]{subsubsection.3.1.1.3}{\376\377\0003\000.\0001\000.\0001\000.\0003\000\040\000d\000n\000n\000\050\000\051\000\040\000[\0003\000/\0003\000]}{subsection.3.1.1}% 9
\BOOKMARK [2][-]{subsection.3.1.2}{\376\377\0003\000.\0001\000.\0002\000\040\000M\000e\000m\000b\000e\000r\000\040\000F\000u\000n\000c\000t\000i\000o\000n\000\040\000D\000o\000c\000u\000m\000e\000n\000t\000a\000t\000i\000o\000n}{section.3.1}% 10
\BOOKMARK [3][-]{subsubsection.3.1.2.1}{\376\377\0003\000.\0001\000.\0002\000.\0001\000\040\000b\000a\000c\000k\000w\000a\000r\000d\000\137\000p\000r\000o\000p\000a\000g\000a\000t\000e\000\050\000\051}{subsection.3.1.2}% 11
\BOOKMARK [3][-]{subsubsection.3.1.2.2}{\376\377\0003\000.\0001\000.\0002\000.\0002\000\040\000b\000a\000t\000c\000h\000\050\000\051\000\040\000[\0001\000/\0002\000]}{subsection.3.1.2}% 12
\BOOKMARK [3][-]{subsubsection.3.1.2.3}{\376\377\0003\000.\0001\000.\0002\000.\0003\000\040\000b\000a\000t\000c\000h\000\050\000\051\000\040\000[\0002\000/\0002\000]}{subsection.3.1.2}% 13
\BOOKMARK [3][-]{subsubsection.3.1.2.4}{\376\377\0003\000.\0001\000.\0002\000.\0004\000\040\000c\000o\000s\000t\000\137\000f\000u\000n\000c\000t\000i\000o\000n\000\050\000\051}{subsection.3.1.2}% 14
\BOOKMARK [3][-]{subsubsection.3.1.2.5}{\376\377\0003\000.\0001\000.\0002\000.\0005\000\040\000f\000o\000r\000w\000a\000r\000d\000\137\000a\000c\000t\000i\000v\000a\000t\000e\000d\000\137\000p\000r\000o\000p\000a\000g\000a\000t\000e\000\050\000\051}{subsection.3.1.2}% 15
\BOOKMARK [3][-]{subsubsection.3.1.2.6}{\376\377\0003\000.\0001\000.\0002\000.\0006\000\040\000g\000e\000t\000\137\000s\000o\000f\000t\000m\000a\000x\000\050\000\051}{subsection.3.1.2}% 16
\BOOKMARK [3][-]{subsubsection.3.1.2.7}{\376\377\0003\000.\0001\000.\0002\000.\0007\000\040\000i\000n\000i\000t\000i\000a\000l\000i\000z\000e\000\137\000w\000e\000i\000g\000h\000t\000s\000\050\000\051}{subsection.3.1.2}% 17
\BOOKMARK [3][-]{subsubsection.3.1.2.8}{\376\377\0003\000.\0001\000.\0002\000.\0008\000\040\000m\000a\000x\000\050\000\051}{subsection.3.1.2}% 18
\BOOKMARK [3][-]{subsubsection.3.1.2.9}{\376\377\0003\000.\0001\000.\0002\000.\0009\000\040\000p\000r\000e\000d\000i\000c\000t\000\050\000\051}{subsection.3.1.2}% 19
\BOOKMARK [3][-]{subsubsection.3.1.2.10}{\376\377\0003\000.\0001\000.\0002\000.\0001\0000\000\040\000p\000r\000e\000d\000i\000c\000t\000\137\000a\000c\000c\000u\000r\000a\000c\000y\000\050\000\051}{subsection.3.1.2}% 20
\BOOKMARK [3][-]{subsubsection.3.1.2.11}{\376\377\0003\000.\0001\000.\0002\000.\0001\0001\000\040\000R\000e\000L\000U\000\137\000a\000c\000t\000i\000v\000a\000t\000e\000\050\000\051}{subsection.3.1.2}% 21
\BOOKMARK [3][-]{subsubsection.3.1.2.12}{\376\377\0003\000.\0001\000.\0002\000.\0001\0002\000\040\000R\000e\000L\000U\000\137\000b\000a\000c\000k\000w\000a\000r\000d\000\137\000a\000c\000t\000i\000v\000a\000t\000e\000\050\000\051}{subsection.3.1.2}% 22
\BOOKMARK [3][-]{subsubsection.3.1.2.13}{\376\377\0003\000.\0001\000.\0002\000.\0001\0003\000\040\000s\000e\000t\000\137\000d\000r\000o\000p\000o\000u\000t\000\137\000m\000a\000s\000k\000s\000\050\000\051}{subsection.3.1.2}% 23
\BOOKMARK [3][-]{subsubsection.3.1.2.14}{\376\377\0003\000.\0001\000.\0002\000.\0001\0004\000\040\000s\000h\000u\000f\000f\000l\000e\000\050\000\051}{subsection.3.1.2}% 24
\BOOKMARK [3][-]{subsubsection.3.1.2.15}{\376\377\0003\000.\0001\000.\0002\000.\0001\0005\000\040\000s\000i\000g\000m\000o\000i\000d\000\137\000a\000c\000t\000i\000v\000a\000t\000e\000\050\000\051}{subsection.3.1.2}% 25
\BOOKMARK [3][-]{subsubsection.3.1.2.16}{\376\377\0003\000.\0001\000.\0002\000.\0001\0006\000\040\000s\000i\000g\000m\000o\000i\000d\000\137\000b\000a\000c\000k\000w\000a\000r\000d\000\137\000a\000c\000t\000i\000v\000a\000t\000e\000\050\000\051}{subsection.3.1.2}% 26
\BOOKMARK [3][-]{subsubsection.3.1.2.17}{\376\377\0003\000.\0001\000.\0002\000.\0001\0007\000\040\000t\000r\000a\000i\000n\000\137\000a\000n\000d\000\137\000d\000e\000v\000\050\000\051}{subsection.3.1.2}% 27
\BOOKMARK [3][-]{subsubsection.3.1.2.18}{\376\377\0003\000.\0001\000.\0002\000.\0001\0008\000\040\000w\000e\000i\000g\000h\000t\000s\000\137\000u\000p\000d\000a\000t\000e\000\050\000\051}{subsection.3.1.2}% 28
\BOOKMARK [0][-]{section*.10}{\376\377\000I\000n\000d\000e\000x}{}% 29
